<?xml version="1.0" encoding="UTF-8"?>
<testng-results skipped="0" failed="1" ignored="0" total="1" passed="0">
  <reporter-output>
    <line>
      <![CDATA[Navigate to Proudct modulder]]>
    </line>
    <line>
      <![CDATA[Navigate to New products Symoble ]]>
    </line>
    <line>
      <![CDATA[Nagivate to CreatingNewProudct Page]]>
    </line>
  </reporter-output>
  <suite name="Default suite" duration-ms="166708" started-at="2019-06-13T17:17:11Z" finished-at="2019-06-13T17:19:58Z">
    <groups>
    </groups>
    <test name="Default test" duration-ms="166708" started-at="2019-06-13T17:17:11Z" finished-at="2019-06-13T17:19:58Z">
      <class name="Prac">
        <test-method status="PASS" signature="globalBrowserStart()[pri:0, instance:Prac@53b32d7]" name="globalBrowserStart" is-config="true" duration-ms="35393" started-at="2019-06-13T17:17:11Z" finished-at="2019-06-13T17:17:47Z">
          <reporter-output>
          </reporter-output>
        </test-method> <!-- globalBrowserStart -->
        <test-method status="PASS" signature="prefix()[pri:0, instance:Prac@53b32d7]" name="prefix" is-config="true" duration-ms="40175" started-at="2019-06-13T17:17:47Z" finished-at="2019-06-13T17:18:27Z">
          <reporter-output>
          </reporter-output>
        </test-method> <!-- prefix -->
        <test-method status="FAIL" signature="loginmethods()[pri:0, instance:Prac@53b32d7]" name="loginmethods" duration-ms="64350" started-at="2019-06-13T17:18:27Z" finished-at="2019-06-13T17:19:31Z">
          <exception class="java.io.IOException">
            <message>
              <![CDATA[Cannot run program "‪C:\Users\NBhaskar\Desktop\AutoIt\new\very.exe": CreateProcess error=2, The system cannot find the file specified]]>
            </message>
            <full-stacktrace>
              <![CDATA[java.io.IOException: Cannot run program "‪C:\Users\NBhaskar\Desktop\AutoIt\new\very.exe": CreateProcess error=2, The system cannot find the file specified
at java.lang.ProcessBuilder.start(ProcessBuilder.java:1048)
at Prac.loginmethods(Prac.java:30)
at sun.reflect.NativeMethodAccessorImpl.invoke0(Native Method)
at sun.reflect.NativeMethodAccessorImpl.invoke(NativeMethodAccessorImpl.java:62)
at sun.reflect.DelegatingMethodAccessorImpl.invoke(DelegatingMethodAccessorImpl.java:43)
at java.lang.reflect.Method.invoke(Method.java:498)
at org.testng.internal.MethodInvocationHelper.invokeMethod(MethodInvocationHelper.java:124)
at org.testng.internal.Invoker.invokeMethod(Invoker.java:583)
at org.testng.internal.Invoker.invokeTestMethod(Invoker.java:719)
at org.testng.internal.Invoker.invokeTestMethods(Invoker.java:989)
at org.testng.internal.TestMethodWorker.invokeTestMethods(TestMethodWorker.java:125)
at org.testng.internal.TestMethodWorker.run(TestMethodWorker.java:109)
at org.testng.TestRunner.privateRun(TestRunner.java:648)
at org.testng.TestRunner.run(TestRunner.java:505)
at org.testng.SuiteRunner.runTest(SuiteRunner.java:455)
at org.testng.SuiteRunner.runSequentially(SuiteRunner.java:450)
at org.testng.SuiteRunner.privateRun(SuiteRunner.java:415)
at org.testng.SuiteRunner.run(SuiteRunner.java:364)
at org.testng.SuiteRunnerWorker.runSuite(SuiteRunnerWorker.java:52)
at org.testng.SuiteRunnerWorker.run(SuiteRunnerWorker.java:84)
at org.testng.TestNG.runSuitesSequentially(TestNG.java:1208)
at org.testng.TestNG.runSuitesLocally(TestNG.java:1137)
at org.testng.TestNG.runSuites(TestNG.java:1049)
at org.testng.TestNG.run(TestNG.java:1017)
at org.testng.remote.AbstractRemoteTestNG.run(AbstractRemoteTestNG.java:115)
at org.testng.remote.RemoteTestNG.initAndRun(RemoteTestNG.java:251)
at org.testng.remote.RemoteTestNG.main(RemoteTestNG.java:77)
Caused by: java.io.IOException: CreateProcess error=2, The system cannot find the file specified
at java.lang.ProcessImpl.create(Native Method)
at java.lang.ProcessImpl.<init>(ProcessImpl.java:386)
at java.lang.ProcessImpl.start(ProcessImpl.java:137)
at java.lang.ProcessBuilder.start(ProcessBuilder.java:1029)
... 26 more
]]>
            </full-stacktrace>
          </exception> <!-- java.io.IOException -->
          <reporter-output>
            <line>
              <![CDATA[Navigate to Proudct modulder]]>
            </line>
            <line>
              <![CDATA[Navigate to New products Symoble ]]>
            </line>
            <line>
              <![CDATA[Nagivate to CreatingNewProudct Page]]>
            </line>
          </reporter-output>
        </test-method> <!-- loginmethods -->
        <test-method status="PASS" signature="postFix()[pri:0, instance:Prac@53b32d7]" name="postFix" is-config="true" duration-ms="19831" started-at="2019-06-13T17:19:37Z" finished-at="2019-06-13T17:19:57Z">
          <reporter-output>
          </reporter-output>
        </test-method> <!-- postFix -->
        <test-method status="PASS" signature="globalBrowserClose()[pri:0, instance:Prac@53b32d7]" name="globalBrowserClose" is-config="true" duration-ms="885" started-at="2019-06-13T17:19:57Z" finished-at="2019-06-13T17:19:58Z">
          <reporter-output>
          </reporter-output>
        </test-method> <!-- globalBrowserClose -->
      </class> <!-- Prac -->
    </test> <!-- Default test -->
  </suite> <!-- Default suite -->
</testng-results>
